<?xml version="1.0" encoding="UTF-8"?>
<!-- Generated by org.testng.reporters.JUnitXMLReporter -->
<testsuite ignored="0" hostname="DESKTOP-IV8G4J5" failures="0" tests="3" name="Default test" time="17.341" errors="0" timestamp="2023-09-18T12:51:56 IST">
  <testcase classname="Module1_Test.Adactin_Test" name="verifyUserName" time="0.722"/>
  <testcase classname="Module1_Test.Adactin_Test" name="GetTitleOfApp" time="0.053"/>
  <testcase classname="Module1_Test.Adactin_Test" name="BookAHotel" time="3.423"/>
</testsuite> <!-- Default test -->
