<?xml version="1.0" encoding="UTF-8"?>
<testng-results ignored="0" total="3" passed="3" failed="0" skipped="0">
  <reporter-output>
  </reporter-output>
  <suite started-at="2023-09-18T12:51:39 IST" name="Default suite" finished-at="2023-09-18T12:51:56 IST" duration-ms="17341">
    <groups>
    </groups>
    <test started-at="2023-09-18T12:51:39 IST" name="Default test" finished-at="2023-09-18T12:51:56 IST" duration-ms="17341">
      <class name="Module1_Test.Adactin_Test">
        <test-method is-config="true" signature="OpenBrowser()[pri:0, instance:Module1_Test.Adactin_Test@1ca3b418]" started-at="2023-09-18T12:51:39 IST" name="OpenBrowser" finished-at="2023-09-18T12:51:46 IST" duration-ms="7564" status="PASS">
          <reporter-output>
          </reporter-output>
        </test-method> <!-- OpenBrowser -->
        <test-method is-config="true" signature="LoginToApp()[pri:0, instance:Module1_Test.Adactin_Test@1ca3b418]" started-at="2023-09-18T12:51:46 IST" name="LoginToApp" finished-at="2023-09-18T12:51:47 IST" duration-ms="1203" status="PASS">
          <reporter-output>
          </reporter-output>
        </test-method> <!-- LoginToApp -->
        <test-method signature="verifyUserName()[pri:1, instance:Module1_Test.Adactin_Test@1ca3b418]" started-at="2023-09-18T12:51:47 IST" name="verifyUserName" finished-at="2023-09-18T12:51:48 IST" duration-ms="722" status="PASS">
          <reporter-output>
          </reporter-output>
        </test-method> <!-- verifyUserName -->
        <test-method is-config="true" signature="LogoutFromApp(org.testng.ITestResult)[pri:0, instance:Module1_Test.Adactin_Test@1ca3b418]" started-at="2023-09-18T12:51:48 IST" name="LogoutFromApp" finished-at="2023-09-18T12:51:49 IST" duration-ms="878" status="PASS">
          <params>
            <param index="0">
              <value>
                <![CDATA[[TestResult name=verifyUserName status=SUCCESS method=Adactin_Test.verifyUserName()[pri:1, instance:Module1_Test.Adactin_Test@1ca3b418] output={null}]]]>
              </value>
            </param>
          </params>
          <reporter-output>
          </reporter-output>
        </test-method> <!-- LogoutFromApp -->
        <test-method is-config="true" signature="LoginToApp()[pri:0, instance:Module1_Test.Adactin_Test@1ca3b418]" started-at="2023-09-18T12:51:49 IST" name="LoginToApp" finished-at="2023-09-18T12:51:50 IST" duration-ms="883" status="PASS">
          <reporter-output>
          </reporter-output>
        </test-method> <!-- LoginToApp -->
        <test-method signature="GetTitleOfApp()[pri:2, instance:Module1_Test.Adactin_Test@1ca3b418]" started-at="2023-09-18T12:51:50 IST" name="GetTitleOfApp" finished-at="2023-09-18T12:51:50 IST" duration-ms="53" status="PASS">
          <reporter-output>
          </reporter-output>
        </test-method> <!-- GetTitleOfApp -->
        <test-method is-config="true" signature="LogoutFromApp(org.testng.ITestResult)[pri:0, instance:Module1_Test.Adactin_Test@1ca3b418]" started-at="2023-09-18T12:51:50 IST" name="LogoutFromApp" finished-at="2023-09-18T12:51:51 IST" duration-ms="778" status="PASS">
          <params>
            <param index="0">
              <value>
                <![CDATA[[TestResult name=GetTitleOfApp status=SUCCESS method=Adactin_Test.GetTitleOfApp()[pri:2, instance:Module1_Test.Adactin_Test@1ca3b418] output={null}]]]>
              </value>
            </param>
          </params>
          <reporter-output>
          </reporter-output>
        </test-method> <!-- LogoutFromApp -->
        <test-method is-config="true" signature="LoginToApp()[pri:0, instance:Module1_Test.Adactin_Test@1ca3b418]" started-at="2023-09-18T12:51:51 IST" name="LoginToApp" finished-at="2023-09-18T12:51:51 IST" duration-ms="781" status="PASS">
          <reporter-output>
          </reporter-output>
        </test-method> <!-- LoginToApp -->
        <test-method signature="BookAHotel()[pri:3, instance:Module1_Test.Adactin_Test@1ca3b418]" started-at="2023-09-18T12:51:51 IST" name="BookAHotel" finished-at="2023-09-18T12:51:55 IST" duration-ms="3423" status="PASS">
          <reporter-output>
          </reporter-output>
        </test-method> <!-- BookAHotel -->
        <test-method is-config="true" signature="LogoutFromApp(org.testng.ITestResult)[pri:0, instance:Module1_Test.Adactin_Test@1ca3b418]" started-at="2023-09-18T12:51:55 IST" name="LogoutFromApp" finished-at="2023-09-18T12:51:56 IST" duration-ms="775" status="PASS">
          <params>
            <param index="0">
              <value>
                <![CDATA[[TestResult name=BookAHotel status=SUCCESS method=Adactin_Test.BookAHotel()[pri:3, instance:Module1_Test.Adactin_Test@1ca3b418] output={null}]]]>
              </value>
            </param>
          </params>
          <reporter-output>
          </reporter-output>
        </test-method> <!-- LogoutFromApp -->
        <test-method is-config="true" signature="CloseBrowser()[pri:0, instance:Module1_Test.Adactin_Test@1ca3b418]" started-at="2023-09-18T12:51:56 IST" name="CloseBrowser" finished-at="2023-09-18T12:51:56 IST" duration-ms="226" status="PASS">
          <reporter-output>
          </reporter-output>
        </test-method> <!-- CloseBrowser -->
      </class> <!-- Module1_Test.Adactin_Test -->
    </test> <!-- Default test -->
  </suite> <!-- Default suite -->
</testng-results>
